yarn run v1.22.5
$ node -r @babel/register ./.erb/scripts/CheckPortInUse.js && cross-env yarn start:renderer
$ cross-env NODE_ENV=development webpack serve --config ./.erb/configs/webpack.config.renderer.dev.babel.js
Starting Main Process...
[34mℹ[39m [90m｢wds｣[39m: Project is running at http://localhost:1212/
[34mℹ[39m [90m｢wds｣[39m: webpack output is served from http://localhost:1212/dist
[34mℹ[39m [90m｢wds｣[39m: Content not from webpack is served from /home/moop204/Documents/uni/thesis/test/your-project-name/.erb/configs/dist
[34mℹ[39m [90m｢wds｣[39m: 404s will fallback to /index.html

> electron-react-boilerplate@ start:main /home/moop204/Documents/uni/thesis/test/your-project-name
> cross-env NODE_ENV=development electron -r ./.erb/scripts/BabelRegister ./src/main.dev.ts

{
  ready: Promise { [Circular] },
  inspect: [Function],
  preloadedImages: {},
  preloadedAudios: {},
  BindingError: [Function: BindingError],
  InternalError: [Function: InternalError],
  getInheritedInstanceCount: [Function: getInheritedInstanceCount],
  getLiveInheritedInstances: [Function: getLiveInheritedInstances],
  flushPendingDeletes: [Function: flushPendingDeletes],
  setDelayFunction: [Function: setDelayFunction],
  UnboundTypeError: [Function: UnboundTypeError],
  count_emval_handles: [Function: count_emval_handles],
  get_first_emval: [Function: get_first_emval],
  ___wasm_call_ctors: [Function: 694],
  _malloc: [Function],
  _free: [Function],
  ___errno_location: [Function],
  _htons: [Function],
  ___getTypeName: [Function],
  ___embind_register_native_and_builtin_types: [Function],
  _ntohs: [Function],
  _htonl: [Function],
  dynCall_viijii: [Function],
  dynCall_jiji: [Function],
  dynCall_iiiiij: [Function],
  dynCall_iiiiijj: [Function],
  dynCall_iiiiiijj: [Function],
  run: [Function: run],
  asm: [Object: null prototype] {
    Z: Memory [WebAssembly.Memory] {},
    _: [Function: 694],
    '$': [Function: 101],
    aa: Table [WebAssembly.Table] {},
    ba: [Function: 51],
    ca: [Function: 1925],
    da: [Function: 958],
    ea: [Function: 1945],
    fa: [Function: 966],
    ga: [Function: 958],
    ha: [Function: 1544],
    ia: [Function: 1543],
    ja: [Function: 1542],
    ka: [Function: 1541],
    la: [Function: 1539],
    ma: [Function: 1538]
  },
  HEAP8: Int8Array(16777216) [
    0, 0, 0, 0, 0, 0, 0, 0, 0, 0, 0, 0,
    0, 0, 0, 0, 0, 0, 0, 0, 0, 0, 0, 0,
    0, 0, 0, 0, 0, 0, 0, 0, 0, 0, 0, 0,
    0, 0, 0, 0, 0, 0, 0, 0, 0, 0, 0, 0,
    0, 0, 0, 0, 0, 0, 0, 0, 0, 0, 0, 0,
    0, 0, 0, 0, 0, 0, 0, 0, 0, 0, 0, 0,
    0, 0, 0, 0, 0, 0, 0, 0, 0, 0, 0, 0,
    0, 0, 0, 0, 0, 0, 0, 0, 0, 0, 0, 0,
    0, 0, 0, 0,
    ... 16777116 more items
  ],
  HEAP16: Int16Array(8388608) [
    0, 0, 0, 0, 0, 0, 0, 0, 0, 0, 0, 0,
    0, 0, 0, 0, 0, 0, 0, 0, 0, 0, 0, 0,
    0, 0, 0, 0, 0, 0, 0, 0, 0, 0, 0, 0,
    0, 0, 0, 0, 0, 0, 0, 0, 0, 0, 0, 0,
    0, 0, 0, 0, 0, 0, 0, 0, 0, 0, 0, 0,
    0, 0, 0, 0, 0, 0, 0, 0, 0, 0, 0, 0,
    0, 0, 0, 0, 0, 0, 0, 0, 0, 0, 0, 0,
    0, 0, 0, 0, 0, 0, 0, 0, 0, 0, 0, 0,
    0, 0, 0, 0,
    ... 8388508 more items
  ],
  HEAP32: Int32Array(4194304) [
    0, 0, 0, 0, 0, 0, 0, 0, 0, 0, 0, 0,
    0, 0, 0, 0, 0, 0, 0, 0, 0, 0, 0, 0,
    0, 0, 0, 0, 0, 0, 0, 0, 0, 0, 0, 0,
    0, 0, 0, 0, 0, 0, 0, 0, 0, 0, 0, 0,
    0, 0, 0, 0, 0, 0, 0, 0, 0, 0, 0, 0,
    0, 0, 0, 0, 0, 0, 0, 0, 0, 0, 0, 0,
    0, 0, 0, 0, 0, 0, 0, 0, 0, 0, 0, 0,
    0, 0, 0, 0, 0, 0, 0, 0, 0, 0, 0, 0,
    0, 0, 0, 0,
    ... 4194204 more items
  ],
  HEAPU8: Uint8Array(16777216) [
    0, 0, 0, 0, 0, 0, 0, 0, 0, 0, 0, 0,
    0, 0, 0, 0, 0, 0, 0, 0, 0, 0, 0, 0,
    0, 0, 0, 0, 0, 0, 0, 0, 0, 0, 0, 0,
    0, 0, 0, 0, 0, 0, 0, 0, 0, 0, 0, 0,
    0, 0, 0, 0, 0, 0, 0, 0, 0, 0, 0, 0,
    0, 0, 0, 0, 0, 0, 0, 0, 0, 0, 0, 0,
    0, 0, 0, 0, 0, 0, 0, 0, 0, 0, 0, 0,
    0, 0, 0, 0, 0, 0, 0, 0, 0, 0, 0, 0,
    0, 0, 0, 0,
    ... 16777116 more items
  ],
  HEAPU16: Uint16Array(8388608) [
    0, 0, 0, 0, 0, 0, 0, 0, 0, 0, 0, 0,
    0, 0, 0, 0, 0, 0, 0, 0, 0, 0, 0, 0,
    0, 0, 0, 0, 0, 0, 0, 0, 0, 0, 0, 0,
    0, 0, 0, 0, 0, 0, 0, 0, 0, 0, 0, 0,
    0, 0, 0, 0, 0, 0, 0, 0, 0, 0, 0, 0,
    0, 0, 0, 0, 0, 0, 0, 0, 0, 0, 0, 0,
    0, 0, 0, 0, 0, 0, 0, 0, 0, 0, 0, 0,
    0, 0, 0, 0, 0, 0, 0, 0, 0, 0, 0, 0,
    0, 0, 0, 0,
    ... 8388508 more items
  ],
  HEAPU32: Uint32Array(4194304) [
    0, 0, 0, 0, 0, 0, 0, 0, 0, 0, 0, 0,
    0, 0, 0, 0, 0, 0, 0, 0, 0, 0, 0, 0,
    0, 0, 0, 0, 0, 0, 0, 0, 0, 0, 0, 0,
    0, 0, 0, 0, 0, 0, 0, 0, 0, 0, 0, 0,
    0, 0, 0, 0, 0, 0, 0, 0, 0, 0, 0, 0,
    0, 0, 0, 0, 0, 0, 0, 0, 0, 0, 0, 0,
    0, 0, 0, 0, 0, 0, 0, 0, 0, 0, 0, 0,
    0, 0, 0, 0, 0, 0, 0, 0, 0, 0, 0, 0,
    0, 0, 0, 0,
    ... 4194204 more items
  ],
  HEAPF32: Float32Array(4194304) [
    0, 0, 0, 0, 0, 0, 0, 0, 0, 0, 0, 0,
    0, 0, 0, 0, 0, 0, 0, 0, 0, 0, 0, 0,
    0, 0, 0, 0, 0, 0, 0, 0, 0, 0, 0, 0,
    0, 0, 0, 0, 0, 0, 0, 0, 0, 0, 0, 0,
    0, 0, 0, 0, 0, 0, 0, 0, 0, 0, 0, 0,
    0, 0, 0, 0, 0, 0, 0, 0, 0, 0, 0, 0,
    0, 0, 0, 0, 0, 0, 0, 0, 0, 0, 0, 0,
    0, 0, 0, 0, 0, 0, 0, 0, 0, 0, 0, 0,
    0, 0, 0, 0,
    ... 4194204 more items
  ],
  HEAPF64: Float64Array(2097152) [
    0, 0, 0, 0, 0, 0, 0, 0, 0, 0, 0, 0,
    0, 0, 0, 0, 0, 0, 0, 0, 0, 0, 0, 0,
    0, 0, 0, 0, 0, 0, 0, 0, 0, 0, 0, 0,
    0, 0, 0, 0, 0, 0, 0, 0, 0, 0, 0, 0,
    0, 0, 0, 0, 0, 0, 0, 0, 0, 0, 0, 0,
    0, 0, 0, 0, 0, 0, 0, 0, 0, 0, 0, 0,
    0, 0, 0, 0, 0, 0, 0, 0, 0, 0, 0, 0,
    0, 0, 0, 0, 0, 0, 0, 0, 0, 0, 0, 0,
    0, 0, 0, 0,
    ... 2097052 more items
  ],
  calledRun: true,
  stdin: undefined,
  stdout: undefined,
  stderr: undefined,
  websocket: { _callbacks: {}, on: [Function], emit: [Function] },
  Component: [Function: Component] { argCount: undefined },
  ComponentEntity: [Function: ComponentEntity] { argCount: undefined },
  Entity: [Function: Entity] { argCount: undefined },
  ImportedEntity: [Function: ImportedEntity] { argCount: undefined },
  ImportSource: [Function: ImportSource] { argCount: undefined },
  Issue_Cause: [Function: ctor] {
    values: {
      '0': Issue_Cause_COMPONENT {},
      '1': Issue_Cause_CONNECTION {},
      '2': Issue_Cause_ENCAPSULATION {},
      '3': Issue_Cause_IMPORT {},
      '4': Issue_Cause_MATHML {},
      '5': Issue_Cause_MODEL {},
      '6': Issue_Cause_RESET {},
      '7': Issue_Cause_UNDEFINED {},
      '8': Issue_Cause_UNITS {},
      '9': Issue_Cause_VARIABLE {},
      '10': Issue_Cause_XML {},
      '11': Issue_Cause_GENERATOR {}
    },
    COMPONENT: Issue_Cause_COMPONENT {},
    CONNECTION: Issue_Cause_CONNECTION {},
    ENCAPSULATION: Issue_Cause_ENCAPSULATION {},
    IMPORT: Issue_Cause_IMPORT {},
    MATHML: Issue_Cause_MATHML {},
    MODEL: Issue_Cause_MODEL {},
    RESET: Issue_Cause_RESET {},
    UNDEFINED: Issue_Cause_UNDEFINED {},
    UNITS: Issue_Cause_UNITS {},
    VARIABLE: Issue_Cause_VARIABLE {},
    XML: Issue_Cause_XML {},
    GENERATOR: Issue_Cause_GENERATOR {}
  },
  Issue_Level: [Function: ctor] {
    values: {
      '0': Issue_Level_ERROR {},
      '1': Issue_Level_WARNING {},
      '2': Issue_Level_HINT {}
    },
    ERROR: Issue_Level_ERROR {},
    WARNING: Issue_Level_WARNING {},
    HINT: Issue_Level_HINT {}
  },
  Issue_ReferenceRule: [Function: ctor] {
    values: {
      '0': Issue_ReferenceRule_UNDEFINED {},
      '1': Issue_ReferenceRule_DATA_REPR_IDENTIFIER_UNICODE {},
      '2': Issue_ReferenceRule_DATA_REPR_IDENTIFIER_LATIN_ALPHANUM {},
      '3': Issue_ReferenceRule_DATA_REPR_IDENTIFIER_AT_LEAST_ONE_ALPHANUM {},
      '4': Issue_ReferenceRule_DATA_REPR_IDENTIFIER_BEGIN_EURO_NUM {},
      '5': Issue_ReferenceRule_DATA_REPR_IDENTIFIER_IDENTICAL {},
      '6': Issue_ReferenceRule_DATA_REPR_NNEG_INT_BASE10 {},
      '7': Issue_ReferenceRule_DATA_REPR_NNEG_INT_EURO_NUM {},
      '8': Issue_ReferenceRule_MODEL_ELEMENT {},
      '9': Issue_ReferenceRule_MODEL_NAME {},
      '10': Issue_ReferenceRule_MODEL_CHILD {},
      '11': Issue_ReferenceRule_MODEL_MORE_THAN_ONE_ENCAPSULATION {},
      '12': Issue_ReferenceRule_IMPORT_HREF {},
      '13': Issue_ReferenceRule_IMPORT_CHILD {},
      '14': Issue_ReferenceRule_IMPORT_CIRCULAR {},
      '15': Issue_ReferenceRule_IMPORT_UNITS_NAME {},
      '16': Issue_ReferenceRule_IMPORT_UNITS_REF {},
      '17': Issue_ReferenceRule_IMPORT_COMPONENT_NAME {},
      '18': Issue_ReferenceRule_IMPORT_COMPONENT_REF {},
      '19': Issue_ReferenceRule_UNITS_NAME {},
      '20': Issue_ReferenceRule_UNITS_NAME_UNIQUE {},
      '21': Issue_ReferenceRule_UNITS_STANDARD {},
      '22': Issue_ReferenceRule_UNITS_CHILD {},
      '23': Issue_ReferenceRule_UNIT_UNITS_REF {},
      '24': Issue_ReferenceRule_UNIT_DIGRAPH {},
      '25': Issue_ReferenceRule_UNIT_CIRCULAR_REF {},
      '26': Issue_ReferenceRule_UNIT_OPTIONAL_ATTRIBUTE {},
      '27': Issue_ReferenceRule_UNIT_PREFIX {},
      '28': Issue_ReferenceRule_UNIT_MULTIPLIER {},
      '29': Issue_ReferenceRule_UNIT_EXPONENT {},
      '30': Issue_ReferenceRule_COMPONENT_NAME {},
      '31': Issue_ReferenceRule_COMPONENT_CHILD {},
      '32': Issue_ReferenceRule_VARIABLE_NAME {},
      '33': Issue_ReferenceRule_VARIABLE_UNITS {},
      '34': Issue_ReferenceRule_VARIABLE_INTERFACE {},
      '35': Issue_ReferenceRule_VARIABLE_INITIAL_VALUE {},
      '36': Issue_ReferenceRule_RESET_CHILD {},
      '37': Issue_ReferenceRule_RESET_ORDER {},
      '38': Issue_ReferenceRule_RESET_VARIABLE_REFERENCE {},
      '39': Issue_ReferenceRule_RESET_TEST_VARIABLE_REFERENCE {},
      '40': Issue_ReferenceRule_RESET_TEST_VALUE {},
      '41': Issue_ReferenceRule_RESET_RESET_VALUE {},
      '42': Issue_ReferenceRule_MATH_MATHML {},
      '43': Issue_ReferenceRule_MATH_CHILD {},
      '44': Issue_ReferenceRule_MATH_CI_VARIABLE_REFERENCE {},
      '45': Issue_ReferenceRule_MATH_CN_UNITS_ATTRIBUTE {},
      '46': Issue_ReferenceRule_ENCAPSULATION_COMPONENT_REF {},
      '47': Issue_ReferenceRule_COMPONENT_REF_COMPONENT_ATTRIBUTE {},
      '48': Issue_ReferenceRule_COMPONENT_REF_CHILD {},
      '49': Issue_ReferenceRule_COMPONENT_REF_ENCAPSULATION {},
      '50': Issue_ReferenceRule_CONNECTION_COMPONENT1 {},
      '51': Issue_ReferenceRule_CONNECTION_COMPONENT2 {},
      '52': Issue_ReferenceRule_CONNECTION_UNIQUE_TRANSITIVE {},
      '53': Issue_ReferenceRule_CONNECTION_MAP_VARIABLES {},
      '54': Issue_ReferenceRule_MAP_VARIABLES_VARIABLE1 {},
      '55': Issue_ReferenceRule_MAP_VARIABLES_VARIABLE2 {},
      '56': Issue_ReferenceRule_MAP_VARIABLES_UNIQUE {},
      '57': Issue_ReferenceRule_MAP_VARIABLES_IDENTICAL_UNIT_REDUCTION {}
    },
    UNDEFINED: Issue_ReferenceRule_UNDEFINED {},
    DATA_REPR_IDENTIFIER_UNICODE: Issue_ReferenceRule_DATA_REPR_IDENTIFIER_UNICODE {},
    DATA_REPR_IDENTIFIER_LATIN_ALPHANUM: Issue_ReferenceRule_DATA_REPR_IDENTIFIER_LATIN_ALPHANUM {},
    DATA_REPR_IDENTIFIER_AT_LEAST_ONE_ALPHANUM: Issue_ReferenceRule_DATA_REPR_IDENTIFIER_AT_LEAST_ONE_ALPHANUM {},
    DATA_REPR_IDENTIFIER_BEGIN_EURO_NUM: Issue_ReferenceRule_DATA_REPR_IDENTIFIER_BEGIN_EURO_NUM {},
    DATA_REPR_IDENTIFIER_IDENTICAL: Issue_ReferenceRule_DATA_REPR_IDENTIFIER_IDENTICAL {},
    DATA_REPR_NNEG_INT_BASE10: Issue_ReferenceRule_DATA_REPR_NNEG_INT_BASE10 {},
    DATA_REPR_NNEG_INT_EURO_NUM: Issue_ReferenceRule_DATA_REPR_NNEG_INT_EURO_NUM {},
    MODEL_ELEMENT: Issue_ReferenceRule_MODEL_ELEMENT {},
    MODEL_NAME: Issue_ReferenceRule_MODEL_NAME {},
    MODEL_CHILD: Issue_ReferenceRule_MODEL_CHILD {},
    MODEL_MORE_THAN_ONE_ENCAPSULATION: Issue_ReferenceRule_MODEL_MORE_THAN_ONE_ENCAPSULATION {},
    IMPORT_HREF: Issue_ReferenceRule_IMPORT_HREF {},
    IMPORT_CHILD: Issue_ReferenceRule_IMPORT_CHILD {},
    IMPORT_CIRCULAR: Issue_ReferenceRule_IMPORT_CIRCULAR {},
    IMPORT_UNITS_NAME: Issue_ReferenceRule_IMPORT_UNITS_NAME {},
    IMPORT_UNITS_REF: Issue_ReferenceRule_IMPORT_UNITS_REF {},
    IMPORT_COMPONENT_NAME: Issue_ReferenceRule_IMPORT_COMPONENT_NAME {},
    IMPORT_COMPONENT_REF: Issue_ReferenceRule_IMPORT_COMPONENT_REF {},
    UNITS_NAME: Issue_ReferenceRule_UNITS_NAME {},
    UNITS_NAME_UNIQUE: Issue_ReferenceRule_UNITS_NAME_UNIQUE {},
    UNITS_STANDARD: Issue_ReferenceRule_UNITS_STANDARD {},
    UNITS_CHILD: Issue_ReferenceRule_UNITS_CHILD {},
    UNIT_UNITS_REF: Issue_ReferenceRule_UNIT_UNITS_REF {},
    UNIT_DIGRAPH: Issue_ReferenceRule_UNIT_DIGRAPH {},
    UNIT_CIRCULAR_REF: Issue_ReferenceRule_UNIT_CIRCULAR_REF {},
    UNIT_OPTIONAL_ATTRIBUTE: Issue_ReferenceRule_UNIT_OPTIONAL_ATTRIBUTE {},
    UNIT_PREFIX: Issue_ReferenceRule_UNIT_PREFIX {},
    UNIT_MULTIPLIER: Issue_ReferenceRule_UNIT_MULTIPLIER {},
    UNIT_EXPONENT: Issue_ReferenceRule_UNIT_EXPONENT {},
    COMPONENT_NAME: Issue_ReferenceRule_COMPONENT_NAME {},
    COMPONENT_CHILD: Issue_ReferenceRule_COMPONENT_CHILD {},
    VARIABLE_NAME: Issue_ReferenceRule_VARIABLE_NAME {},
    VARIABLE_UNITS: Issue_ReferenceRule_VARIABLE_UNITS {},
    VARIABLE_INTERFACE: Issue_ReferenceRule_VARIABLE_INTERFACE {},
    VARIABLE_INITIAL_VALUE: Issue_ReferenceRule_VARIABLE_INITIAL_VALUE {},
    RESET_CHILD: Issue_ReferenceRule_RESET_CHILD {},
    RESET_ORDER: Issue_ReferenceRule_RESET_ORDER {},
    RESET_VARIABLE_REFERENCE: Issue_ReferenceRule_RESET_VARIABLE_REFERENCE {},
    RESET_TEST_VARIABLE_REFERENCE: Issue_ReferenceRule_RESET_TEST_VARIABLE_REFERENCE {},
    RESET_TEST_VALUE: Issue_ReferenceRule_RESET_TEST_VALUE {},
    RESET_RESET_VALUE: Issue_ReferenceRule_RESET_RESET_VALUE {},
    MATH_MATHML: Issue_ReferenceRule_MATH_MATHML {},
    MATH_CHILD: Issue_ReferenceRule_MATH_CHILD {},
    MATH_CI_VARIABLE_REFERENCE: Issue_ReferenceRule_MATH_CI_VARIABLE_REFERENCE {},
    MATH_CN_UNITS_ATTRIBUTE: Issue_ReferenceRule_MATH_CN_UNITS_ATTRIBUTE {},
    ENCAPSULATION_COMPONENT_REF: Issue_ReferenceRule_ENCAPSULATION_COMPONENT_REF {},
    COMPONENT_REF_COMPONENT_ATTRIBUTE: Issue_ReferenceRule_COMPONENT_REF_COMPONENT_ATTRIBUTE {},
    COMPONENT_REF_CHILD: Issue_ReferenceRule_COMPONENT_REF_CHILD {},
    COMPONENT_REF_ENCAPSULATION: Issue_ReferenceRule_COMPONENT_REF_ENCAPSULATION {},
    CONNECTION_COMPONENT1: Issue_ReferenceRule_CONNECTION_COMPONENT1 {},
    CONNECTION_COMPONENT2: Issue_ReferenceRule_CONNECTION_COMPONENT2 {},
    CONNECTION_UNIQUE_TRANSITIVE: Issue_ReferenceRule_CONNECTION_UNIQUE_TRANSITIVE {},
    CONNECTION_MAP_VARIABLES: Issue_ReferenceRule_CONNECTION_MAP_VARIABLES {},
    MAP_VARIABLES_VARIABLE1: Issue_ReferenceRule_MAP_VARIABLES_VARIABLE1 {},
    MAP_VARIABLES_VARIABLE2: Issue_ReferenceRule_MAP_VARIABLES_VARIABLE2 {},
    MAP_VARIABLES_UNIQUE: Issue_ReferenceRule_MAP_VARIABLES_UNIQUE {},
    MAP_VARIABLES_IDENTICAL_UNIT_REDUCTION: Issue_ReferenceRule_MAP_VARIABLES_IDENTICAL_UNIT_REDUCTION {}
  },
  Issue: [Function: Issue] { argCount: undefined },
  Logger: [Function: Logger] { argCount: undefined },
  Model: [Function: Model] { argCount: undefined },
  NamedEntity: [Function: NamedEntity] { argCount: undefined },
  Parser: [Function: Parser] { argCount: undefined },
  Printer: [Function: Printer] { argCount: undefined },
  Reset: [Function: Reset] { argCount: undefined },
  StandardUnit: [Function: ctor] {
    values: {
      '0': StandardUnit_AMPERE {},
      '1': StandardUnit_BECQUEREL {},
      '2': StandardUnit_CANDELA {},
      '3': StandardUnit_COULOMB {},
      '4': StandardUnit_DIMENSIONLESS {},
      '5': StandardUnit_FARAD {},
      '6': StandardUnit_GRAM {},
      '7': StandardUnit_GRAY {},
      '8': StandardUnit_HENRY {},
      '9': StandardUnit_HERTZ {},
      '10': StandardUnit_JOULE {},
      '11': StandardUnit_KATAL {},
      '12': StandardUnit_KELVIN {},
      '13': StandardUnit_KILOGRAM {},
      '14': StandardUnit_LITRE {},
      '15': StandardUnit_LUMEN {},
      '16': StandardUnit_LUX {},
      '17': StandardUnit_METRE {},
      '18': StandardUnit_MOLE {},
      '19': StandardUnit_NEWTON {},
      '20': StandardUnit_OHM {},
      '21': StandardUnit_PASCAL {},
      '22': StandardUnit_RADIAN {},
      '23': StandardUnit_SECOND {},
      '24': StandardUnit_SIEMENS {},
      '25': StandardUnit_SIEVERT {},
      '26': StandardUnit_STERADIAN {},
      '27': StandardUnit_TESLA {},
      '28': StandardUnit_VOLT {},
      '29': StandardUnit_WATT {},
      '30': StandardUnit_WEBER {}
    },
    AMPERE: StandardUnit_AMPERE {},
    BECQUEREL: StandardUnit_BECQUEREL {},
    CANDELA: StandardUnit_CANDELA {},
    COULOMB: StandardUnit_COULOMB {},
    DIMENSIONLESS: StandardUnit_DIMENSIONLESS {},
    FARAD: StandardUnit_FARAD {},
    GRAM: StandardUnit_GRAM {},
    GRAY: StandardUnit_GRAY {},
    HENRY: StandardUnit_HENRY {},
    HERTZ: StandardUnit_HERTZ {},
    JOULE: StandardUnit_JOULE {},
    KATAL: StandardUnit_KATAL {},
    KELVIN: StandardUnit_KELVIN {},
    KILOGRAM: StandardUnit_KILOGRAM {},
    LITRE: StandardUnit_LITRE {},
    LUMEN: StandardUnit_LUMEN {},
    LUX: StandardUnit_LUX {},
    METRE: StandardUnit_METRE {},
    MOLE: StandardUnit_MOLE {},
    NEWTON: StandardUnit_NEWTON {},
    OHM: StandardUnit_OHM {},
    PASCAL: StandardUnit_PASCAL {},
    RADIAN: StandardUnit_RADIAN {},
    SECOND: StandardUnit_SECOND {},
    SIEMENS: StandardUnit_SIEMENS {},
    SIEVERT: StandardUnit_SIEVERT {},
    STERADIAN: StandardUnit_STERADIAN {},
    TESLA: StandardUnit_TESLA {},
    VOLT: StandardUnit_VOLT {},
    WATT: StandardUnit_WATT {},
    WEBER: StandardUnit_WEBER {}
  },
  Units: [Function: Units] { argCount: undefined },
  Validator: [Function: Validator] { argCount: undefined },
  Variable_InterfaceType: [Function: ctor] {
    values: {
      '0': Variable_InterfaceType_NONE {},
      '1': Variable_InterfaceType_PRIVATE {},
      '2': Variable_InterfaceType_PUBLIC {},
      '3': Variable_InterfaceType_PUBLIC_AND_PRIVATE {}
    },
    NONE: Variable_InterfaceType_NONE {},
    PRIVATE: Variable_InterfaceType_PRIVATE {},
    PUBLIC: Variable_InterfaceType_PUBLIC {},
    PUBLIC_AND_PRIVATE: Variable_InterfaceType_PUBLIC_AND_PRIVATE {}
  },
  Variable: [Function: Variable] {
    argCount: undefined,
    equivalenceConnectionId: [Function: Variable$equivalenceConnectionId] { argCount: 2 },
    equivalenceMappingId: [Function: Variable$equivalenceMappingId] { argCount: 2 },
    addEquivalence: [Function: Variable$addEquivalence] { argCount: 2 },
    addEquivalenceWithIds: [Function: Variable$addEquivalenceWithIds] { argCount: 4 },
    removeEquivalence: [Function: Variable$removeEquivalence] { argCount: 2 },
    setEquivalenceConnectionId: [Function: Variable$setEquivalenceConnectionId] { argCount: 3 },
    setEquivalenceMappingId: [Function: Variable$setEquivalenceMappingId] { argCount: 3 }
  },
  versionString: [Function: versionString] { argCount: 0 },
  version: [Function: version] { argCount: 0 }
}
[34mℹ[39m [90m｢wdm｣[39m: Compiled successfully.
